Release 13.2 Map O.61xd (nt)
Xilinx Mapping Report File for Design 'GPIO_demo'

Design Information
------------------
Command Line   : map -intstyle ise -p xc6slx16-csg324-3 -w -logic_opt off -ol high -t 1 -xt 0 -register_duplication off
-r 4 -global_opt off -mt off -ir off -pr off -lc off -power off -o GPIO_demo_map.ncd GPIO_demo.ngd GPIO_demo.pcf 
Target Device  : xc6slx16
Target Package : csg324
Target Speed   : -3
Mapper Version : spartan6 -- $Revision: 1.55 $
Mapped Date    : Thu Oct 18 13:57:19 2012

Design Summary
--------------
Number of errors:      0
Number of warnings:    4
Slice Logic Utilization:
  Number of Slice Registers:                 1,551 out of  18,224    8%
    Number used as Flip Flops:               1,507
    Number used as Latches:                      0
    Number used as Latch-thrus:                  0
    Number used as AND/OR logics:               44
  Number of Slice LUTs:                      1,972 out of   9,112   21%
    Number used as logic:                    1,884 out of   9,112   20%
      Number using O6 output only:           1,500
      Number using O5 output only:             147
      Number using O5 and O6:                  237
      Number used as ROM:                        0
    Number used as Memory:                       0 out of   2,176    0%
    Number used exclusively as route-thrus:     88
      Number with same-slice register load:     77
      Number with same-slice carry load:        11
      Number with other load:                    0

Slice Logic Distribution:
  Number of occupied Slices:                   731 out of   2,278   32%
  Number of LUT Flip Flop pairs used:        2,143
    Number with an unused Flip Flop:           709 out of   2,143   33%
    Number with an unused LUT:                 171 out of   2,143    7%
    Number of fully used LUT-FF pairs:       1,263 out of   2,143   58%
    Number of unique control sets:              98
    Number of slice register sites lost
      to control set restrictions:             101 out of  18,224    1%

  A LUT Flip Flop pair for this architecture represents one LUT paired with
  one Flip Flop within a slice.  A control set is a unique combination of
  clock, reset, set, and enable signals for a registered element.
  The Slice Logic Distribution report is not meaningful if the design is
  over-mapped for a non-slice resource or if Placement fails.

IO Utilization:
  Number of bonded IOBs:                        77 out of     232   33%
    Number of LOCed IOBs:                       77 out of      77  100%

Specific Feature Utilization:
  Number of RAMB16BWERs:                         0 out of      32    0%
  Number of RAMB8BWERs:                          1 out of      64    1%
  Number of BUFIO2/BUFIO2_2CLKs:                 0 out of      32    0%
  Number of BUFIO2FB/BUFIO2FB_2CLKs:             0 out of      32    0%
  Number of BUFG/BUFGMUXs:                       4 out of      16   25%
    Number used as BUFGs:                        4
    Number used as BUFGMUX:                      0
  Number of DCM/DCM_CLKGENs:                     1 out of       4   25%
    Number used as DCMs:                         0
    Number used as DCM_CLKGENs:                  1
  Number of ILOGIC2/ISERDES2s:                   0 out of     248    0%
  Number of IODELAY2/IODRP2/IODRP2_MCBs:         0 out of     248    0%
  Number of OLOGIC2/OSERDES2s:                   0 out of     248    0%
  Number of BSCANs:                              0 out of       4    0%
  Number of BUFHs:                               0 out of     128    0%
  Number of BUFPLLs:                             0 out of       8    0%
  Number of BUFPLL_MCBs:                         0 out of       4    0%
  Number of DSP48A1s:                            0 out of      32    0%
  Number of ICAPs:                               0 out of       1    0%
  Number of MCBs:                                0 out of       2    0%
  Number of PCILOGICSEs:                         0 out of       2    0%
  Number of PLL_ADVs:                            0 out of       2    0%
  Number of PMVs:                                0 out of       1    0%
  Number of STARTUPs:                            0 out of       1    0%
  Number of SUSPEND_SYNCs:                       0 out of       1    0%

Average Fanout of Non-Clock Nets:                4.25

Peak Memory Usage:  252 MB
Total REAL time to MAP completion:  1 mins 26 secs 
Total CPU time to MAP completion:   1 mins 25 secs 

Table of Contents
-----------------
Section 1 - Errors
Section 2 - Warnings
Section 3 - Informational
Section 4 - Removed Logic Summary
Section 5 - Removed Logic
Section 6 - IOB Properties
Section 7 - RPMs
Section 8 - Guide Report
Section 9 - Area Group and Partition Summary
Section 10 - Timing Report
Section 11 - Configuration String Information
Section 12 - Control Set Information
Section 13 - Utilization by Hierarchy

Section 1 - Errors
------------------

Section 2 - Warnings
--------------------
WARNING:Security:42 - Your software subscription period has lapsed. Your current
version of Xilinx tools will continue to function, but you no longer qualify for
Xilinx software updates or new releases.
WARNING:MapLib:830 - Cannot automatically set COMPENSATION attribute for PLL_ADV
   PLL_BASE_inst/PLL_ADV because no input clock signal was found.
WARNING:Timing:3159 - The DCM, DCM_CLKGEN_inst, has the attribute DFS_OSCILLATOR_MODE not set to PHASE_FREQ_LOCK. No phase relationship
   exists between the input clock and CLKFX or CLKFX180 outputs of this DCM. Data paths between these clock domains must be constrained
   using FROM/TO constraints.
WARNING:PhysDesignRules:367 - The signal <UART_RXD_IBUF> is incomplete. The signal does not drive any load pins in the
   design.
WARNING:PhysDesignRules:2410 - This design is using one or more 9K Block RAMs (RAMB8BWER).  9K Block RAM initialization
   data, both user defined and default, may be incorrect and should not be used.  For more information, please reference
   Xilinx Answer Record 39999.

Section 3 - Informational
-------------------------
INFO:Security:54 - 'xc6slx16' is a WebPack part.
INFO:LIT:243 - Logical network UART_RXD_IBUF has no load.
INFO:MapLib:562 - No environment variables are currently set.
INFO:LIT:244 - All of the single ended outputs in this design are using slew
   rate limited output drivers. The delay on speed critical single ended outputs
   can be dramatically reduced by designating them as fast outputs.
INFO:Pack:1716 - Initializing temperature to 85.000 Celsius. (default - Range:
   0.000 to 85.000 Celsius)
INFO:Pack:1720 - Initializing voltage to 1.140 Volts. (default - Range: 1.140 to
   1.260 Volts)
INFO:Map:215 - The Interim Design Summary has been generated in the MAP Report
   (.mrp).
INFO:Pack:1650 - Map created a placed design.

Section 4 - Removed Logic Summary
---------------------------------
   2 block(s) removed
   2 block(s) optimized away
   1 signal(s) removed

Section 5 - Removed Logic
-------------------------

The trimmed logic report below shows the logic removed from your design due to
sourceless or loadless signals, and VCC or ground connections.  If the removal
of a signal or symbol results in the subsequent removal of an additional signal
or symbol, the message explaining that second removal will be indented.  This
indentation will be repeated as a chain of related logic is removed.

To quickly locate the original cause for the removal of a chain of logic, look
above the place where that logic is listed in the trimming report, then locate
the lines that are least indented (begin at the leftmost edge).

Loadless block "DCM_inst" (DCM_SP) removed.

The trimmed logic reported below is either:
   1. part of a cycle
   2. part of disabled logic
   3. a side-effect of other trimmed logic

The signal "CLKFBOUT" is unused and has been removed.
Unused block "PLL_BASE_inst/PLL_ADV" (PLL_ADV) removed.

Optimized Block(s):
TYPE 		BLOCK
GND 		XST_GND
VCC 		XST_VCC

To enable printing of redundant blocks removed and signals merged, set the
detailed map report option and rerun map.

Section 6 - IOB Properties
--------------------------

+---------------------------------------------------------------------------------------------------------------------------------------------------------+
| IOB Name                           | Type             | Direction | IO Standard          | Diff  | Drive    | Slew | Reg (s)      | Resistor | IOB      |
|                                    |                  |           |                      | Term  | Strength | Rate |              |          | Delay    |
+---------------------------------------------------------------------------------------------------------------------------------------------------------+
| ADC_CLK                            | IOB              | OUTPUT    | LVCMOS33             |       | 12       | SLOW |              |          |          |
| ADC_IN<0>                          | IOB              | INPUT     | LVCMOS33             |       |          |      |              |          |          |
| ADC_IN<1>                          | IOB              | INPUT     | LVCMOS33             |       |          |      |              |          |          |
| ADC_IN<2>                          | IOB              | INPUT     | LVCMOS33             |       |          |      |              |          |          |
| ADC_IN<3>                          | IOB              | INPUT     | LVCMOS33             |       |          |      |              |          |          |
| ADC_IN<4>                          | IOB              | INPUT     | LVCMOS33             |       |          |      |              |          |          |
| ADC_IN<5>                          | IOB              | INPUT     | LVCMOS33             |       |          |      |              |          |          |
| ADC_IN<6>                          | IOB              | INPUT     | LVCMOS33             |       |          |      |              |          |          |
| ADC_IN<7>                          | IOB              | INPUT     | LVCMOS33             |       |          |      |              |          |          |
| ADC_IN<8>                          | IOB              | INPUT     | LVCMOS33             |       |          |      |              |          |          |
| ADC_IN<9>                          | IOB              | INPUT     | LVCMOS33             |       |          |      |              |          |          |
| ADC_IN<10>                         | IOB              | INPUT     | LVCMOS33             |       |          |      |              |          |          |
| ADC_IN<11>                         | IOB              | INPUT     | LVCMOS33             |       |          |      |              |          |          |
| BTN<0>                             | IOB              | INPUT     | LVCMOS33             |       |          |      |              |          |          |
| BTN<1>                             | IOB              | INPUT     | LVCMOS33             |       |          |      |              |          |          |
| BTN<2>                             | IOB              | INPUT     | LVCMOS33             |       |          |      |              |          |          |
| BTN<3>                             | IOB              | INPUT     | LVCMOS33             |       |          |      |              |          |          |
| BTN<4>                             | IOB              | INPUT     | LVCMOS33             |       |          |      |              |          |          |
| CLK                                | IOB              | INPUT     | LVCMOS33             |       |          |      |              |          |          |
| DAC_CLK                            | IOB              | OUTPUT    | LVCMOS33             |       | 12       | SLOW |              |          |          |
| DAC_LD                             | IOB              | OUTPUT    | LVCMOS33             |       | 12       | SLOW |              |          |          |
| DAC_SDI1                           | IOB              | OUTPUT    | LVCMOS33             |       | 12       | SLOW |              |          |          |
| DAC_SDI2                           | IOB              | OUTPUT    | LVCMOS33             |       | 12       | SLOW |              |          |          |
| ETH_MDC                            | IOB              | OUTPUT    | LVCMOS33             |       | 12       | SLOW |              |          |          |
| ETH_MDIO                           | IOB              | OUTPUT    | LVCMOS33             |       | 12       | SLOW |              |          |          |
| ETH_RST                            | IOB              | OUTPUT    | LVCMOS33             |       | 12       | SLOW |              |          |          |
| ETH_RXD<0>                         | IOB              | INPUT     | LVCMOS33             |       |          |      |              |          |          |
| ETH_RXD<1>                         | IOB              | INPUT     | LVCMOS33             |       |          |      |              |          |          |
| ETH_RXD<2>                         | IOB              | INPUT     | LVCMOS33             |       |          |      |              |          |          |
| ETH_RXD<3>                         | IOB              | INPUT     | LVCMOS33             |       |          |      |              |          |          |
| ETH_RX_CLK                         | IOB              | INPUT     | LVCMOS33             |       |          |      |              |          |          |
| ETH_RX_DV                          | IOB              | INPUT     | LVCMOS33             |       |          |      |              |          |          |
| ETH_TXD<0>                         | IOB              | OUTPUT    | LVCMOS33             |       | 12       | SLOW |              |          |          |
| ETH_TXD<1>                         | IOB              | OUTPUT    | LVCMOS33             |       | 12       | SLOW |              |          |          |
| ETH_TXD<2>                         | IOB              | OUTPUT    | LVCMOS33             |       | 12       | SLOW |              |          |          |
| ETH_TXD<3>                         | IOB              | OUTPUT    | LVCMOS33             |       | 12       | SLOW |              |          |          |
| ETH_TXD_4                          | IOB              | OUTPUT    | LVCMOS33             |       | 12       | SLOW |              |          |          |
| ETH_TX_CLK                         | IOB              | INPUT     | LVCMOS33             |       |          |      |              |          |          |
| ETH_TX_EN                          | IOB              | OUTPUT    | LVCMOS33             |       | 12       | SLOW |              |          |          |
| LED<0>                             | IOB              | OUTPUT    | LVCMOS33             |       | 12       | SLOW |              |          |          |
| LED<1>                             | IOB              | OUTPUT    | LVCMOS33             |       | 12       | SLOW |              |          |          |
| LED<2>                             | IOB              | OUTPUT    | LVCMOS33             |       | 12       | SLOW |              |          |          |
| LED<3>                             | IOB              | OUTPUT    | LVCMOS33             |       | 12       | SLOW |              |          |          |
| LED<4>                             | IOB              | OUTPUT    | LVCMOS33             |       | 12       | SLOW |              |          |          |
| LED<5>                             | IOB              | OUTPUT    | LVCMOS33             |       | 12       | SLOW |              |          |          |
| LED<6>                             | IOB              | OUTPUT    | LVCMOS33             |       | 12       | SLOW |              |          |          |
| LED<7>                             | IOB              | OUTPUT    | LVCMOS33             |       | 12       | SLOW |              |          |          |
| MUX<0>                             | IOB              | OUTPUT    | LVCMOS33             |       | 12       | SLOW |              |          |          |
| MUX<1>                             | IOB              | OUTPUT    | LVCMOS33             |       | 12       | SLOW |              |          |          |
| MUX<2>                             | IOB              | OUTPUT    | LVCMOS33             |       | 12       | SLOW |              |          |          |
| MUX<3>                             | IOB              | OUTPUT    | LVCMOS33             |       | 12       | SLOW |              |          |          |
| MUX<4>                             | IOB              | OUTPUT    | LVCMOS33             |       | 12       | SLOW |              |          |          |
| ODOM_CLK                           | IOB              | INPUT     | LVCMOS33             |       |          |      |              |          |          |
| ODOM_DIR                           | IOB              | INPUT     | LVCMOS33             |       |          |      |              |          |          |
| SENSOR_VMT                         | IOB              | INPUT     | LVCMOS33             |       |          |      |              |          |          |
| SSEG_AN<0>                         | IOB              | OUTPUT    | LVCMOS33             |       | 12       | SLOW |              |          |          |
| SSEG_AN<1>                         | IOB              | OUTPUT    | LVCMOS33             |       | 12       | SLOW |              |          |          |
| SSEG_AN<2>                         | IOB              | OUTPUT    | LVCMOS33             |       | 12       | SLOW |              |          |          |
| SSEG_AN<3>                         | IOB              | OUTPUT    | LVCMOS33             |       | 12       | SLOW |              |          |          |
| SSEG_CA<0>                         | IOB              | OUTPUT    | LVCMOS33             |       | 12       | SLOW |              |          |          |
| SSEG_CA<1>                         | IOB              | OUTPUT    | LVCMOS33             |       | 12       | SLOW |              |          |          |
| SSEG_CA<2>                         | IOB              | OUTPUT    | LVCMOS33             |       | 12       | SLOW |              |          |          |
| SSEG_CA<3>                         | IOB              | OUTPUT    | LVCMOS33             |       | 12       | SLOW |              |          |          |
| SSEG_CA<4>                         | IOB              | OUTPUT    | LVCMOS33             |       | 12       | SLOW |              |          |          |
| SSEG_CA<5>                         | IOB              | OUTPUT    | LVCMOS33             |       | 12       | SLOW |              |          |          |
| SSEG_CA<6>                         | IOB              | OUTPUT    | LVCMOS33             |       | 12       | SLOW |              |          |          |
| SSEG_CA<7>                         | IOB              | OUTPUT    | LVCMOS33             |       | 12       | SLOW |              |          |          |
| SW<0>                              | IOB              | INPUT     | LVCMOS33             |       |          |      |              |          |          |
| SW<1>                              | IOB              | INPUT     | LVCMOS33             |       |          |      |              |          |          |
| SW<2>                              | IOB              | INPUT     | LVCMOS33             |       |          |      |              |          |          |
| SW<3>                              | IOB              | INPUT     | LVCMOS33             |       |          |      |              |          |          |
| SW<4>                              | IOB              | INPUT     | LVCMOS33             |       |          |      |              |          |          |
| SW<5>                              | IOB              | INPUT     | LVCMOS33             |       |          |      |              |          |          |
| SW<6>                              | IOB              | INPUT     | LVCMOS33             |       |          |      |              |          |          |
| SW<7>                              | IOB              | INPUT     | LVCMOS33             |       |          |      |              |          |          |
| UART_RXD                           | IOB              | INPUT     | LVCMOS33             |       |          |      |              |          |          |
| UART_TXD                           | IOB              | OUTPUT    | LVCMOS33             |       | 12       | SLOW |              |          |          |
+---------------------------------------------------------------------------------------------------------------------------------------------------------+

Section 7 - RPMs
----------------

Section 8 - Guide Report
------------------------
Guide not run on this design.

Section 9 - Area Group and Partition Summary
--------------------------------------------

Partition Implementation Status
-------------------------------

  No Partitions were found in this design.

-------------------------------

Area Group Information
----------------------

  No area groups were found in this design.

----------------------

Section 10 - Timing Report
--------------------------
A logic-level (pre-route) timing report can be generated by using Xilinx static
timing analysis tools, Timing Analyzer (GUI) or TRCE (command line), with the
mapped NCD and PCF files. Please note that this timing report will be generated
using estimated delay information. For accurate numbers, please generate a
timing report with the post Place and Route NCD file.

For more information about the Timing Analyzer, consult the Xilinx Timing
Analyzer Reference Manual; for more information about TRCE, consult the Xilinx
Command Line Tools User Guide "TRACE" chapter.

Section 11 - Configuration String Details
-----------------------------------------
Use the "-detail" map option to print out Configuration Strings

Section 12 - Control Set Information
------------------------------------
Use the "-detail" map option to print out Control Set Information.

Section 13 - Utilization by Hierarchy
-------------------------------------
Use the "-detail" map option to print out the Utilization by Hierarchy section.
